# Logfile created on 2014-01-08 14:06:14 -0800 by logger.rb/31641
I, [2014-01-08T14:06:14.041695 #19758]  INFO -- : 0:  i18n (0.6.9) from /Users/pivotal/.rvm/gems/ruby-1.9.3-p392/specifications/i18n-0.6.9.gemspec
I, [2014-01-08T14:06:14.042128 #19758]  INFO -- : 0:  multi_json (1.8.2) from /Users/pivotal/.rvm/gems/ruby-1.9.3-p392/specifications/multi_json-1.8.2.gemspec
I, [2014-01-08T14:06:17.497314 #19758]  INFO -- : 0:  activesupport (3.2.16) from /Users/pivotal/.rvm/gems/ruby-1.9.3-p392/specifications/activesupport-3.2.16.gemspec
I, [2014-01-08T14:06:17.497833 #19758]  INFO -- : 0:  bundler (1.5.1) from /Users/pivotal/.rvm/gems/ruby-1.9.3-p392/specifications/bundler-1.5.1.gemspec
I, [2014-01-08T14:06:17.498196 #19758]  INFO -- : 0:  chunky_png (1.2.9) from /Users/pivotal/.rvm/gems/ruby-1.9.3-p392/specifications/chunky_png-1.2.9.gemspec
I, [2014-01-08T14:06:17.498526 #19758]  INFO -- : 0:  coffee-script-source (1.6.3) from /Users/pivotal/.rvm/gems/ruby-1.9.3-p392/specifications/coffee-script-source-1.6.3.gemspec
I, [2014-01-08T14:06:17.498985 #19758]  INFO -- : 0:  execjs (1.4.0) from /Users/pivotal/.rvm/gems/ruby-1.9.3-p392/specifications/execjs-1.4.0.gemspec
I, [2014-01-08T14:06:17.499388 #19758]  INFO -- : 0:  coffee-script (2.2.0) from /Users/pivotal/.rvm/gems/ruby-1.9.3-p392/specifications/coffee-script-2.2.0.gemspec
I, [2014-01-08T14:06:17.499844 #19758]  INFO -- : 0:  fssm (0.2.10) from /Users/pivotal/.rvm/gems/ruby-1.9.3-p392/specifications/fssm-0.2.10.gemspec
I, [2014-01-08T14:06:18.888963 #19758]  INFO -- : 0:  sass (3.2.13) from /Users/pivotal/.rvm/gems/ruby-1.9.3-p392/specifications/sass-3.2.13.gemspec
I, [2014-01-08T14:06:18.889531 #19758]  INFO -- : 0:  compass (0.12.2) from /Users/pivotal/.rvm/gems/ruby-1.9.3-p392/specifications/compass-0.12.2.gemspec
I, [2014-01-08T14:06:18.889984 #19758]  INFO -- : 0:  eventmachine (1.0.3) from /Users/pivotal/.rvm/gems/ruby-1.9.3-p392/specifications/eventmachine-1.0.3.gemspec
I, [2014-01-08T14:06:18.890329 #19758]  INFO -- : 0:  http_parser.rb (0.5.3) from /Users/pivotal/.rvm/gems/ruby-1.9.3-p392/specifications/http_parser.rb-0.5.3.gemspec
I, [2014-01-08T14:06:18.890655 #19758]  INFO -- : 0:  em-websocket (0.5.0) from /Users/pivotal/.rvm/gems/ruby-1.9.3-p392/specifications/em-websocket-0.5.0.gemspec
I, [2014-01-08T14:06:18.890976 #19758]  INFO -- : 0:  ffi (1.9.3) from /Users/pivotal/.rvm/gems/ruby-1.9.3-p392/specifications/ffi-1.9.3.gemspec
I, [2014-01-08T14:06:18.891295 #19758]  INFO -- : 0:  tilt (1.4.1) from /Users/pivotal/.rvm/gems/ruby-1.9.3-p392/specifications/tilt-1.4.1.gemspec
I, [2014-01-08T14:06:21.172954 #19758]  INFO -- : 0:  haml (4.0.5) from /Users/pivotal/.rvm/gems/ruby-1.9.3-p392/specifications/haml-4.0.5.gemspec
I, [2014-01-08T14:06:21.173420 #19758]  INFO -- : 0:  hike (1.2.3) from /Users/pivotal/.rvm/gems/ruby-1.9.3-p392/specifications/hike-1.2.3.gemspec
I, [2014-01-08T14:06:22.404851 #19758]  INFO -- : 0:  kramdown (1.3.1) from /Users/pivotal/.rvm/gems/ruby-1.9.3-p392/specifications/kramdown-1.3.1.gemspec
I, [2014-01-08T14:06:24.844964 #19758]  INFO -- : 0:  rb-fsevent (0.9.4) from /Users/pivotal/.rvm/gems/ruby-1.9.3-p392/specifications/rb-fsevent-0.9.4.gemspec
I, [2014-01-08T14:06:25.816901 #19758]  INFO -- : 0:  rb-inotify (0.9.3) from /Users/pivotal/.rvm/gems/ruby-1.9.3-p392/specifications/rb-inotify-0.9.3.gemspec
I, [2014-01-08T14:06:25.817362 #19758]  INFO -- : 0:  rb-kqueue (0.2.0) from /Users/pivotal/.rvm/gems/ruby-1.9.3-p392/specifications/rb-kqueue-0.2.0.gemspec
I, [2014-01-08T14:06:25.817675 #19758]  INFO -- : 0:  listen (1.3.1) from /Users/pivotal/.rvm/gems/ruby-1.9.3-p392/specifications/listen-1.3.1.gemspec
I, [2014-01-08T14:06:25.817961 #19758]  INFO -- : 0:  rack (1.5.2) from /Users/pivotal/.rvm/gems/ruby-1.9.3-p392/specifications/rack-1.5.2.gemspec
I, [2014-01-08T14:06:25.818235 #19758]  INFO -- : 0:  rack-test (0.6.2) from /Users/pivotal/.rvm/gems/ruby-1.9.3-p392/specifications/rack-test-0.6.2.gemspec
I, [2014-01-08T14:06:25.818500 #19758]  INFO -- : 0:  thor (0.18.1) from /Users/pivotal/.rvm/gems/ruby-1.9.3-p392/specifications/thor-0.18.1.gemspec
I, [2014-01-08T14:06:28.698448 #19758]  INFO -- : 0:  middleman-core (3.2.1) from /Users/pivotal/.rvm/gems/ruby-1.9.3-p392/specifications/middleman-core-3.2.1.gemspec
I, [2014-01-08T14:06:28.698905 #19758]  INFO -- : 0:  sprockets (2.10.1) from /Users/pivotal/.rvm/gems/ruby-1.9.3-p392/specifications/sprockets-2.10.1.gemspec
I, [2014-01-08T14:06:28.699336 #19758]  INFO -- : 0:  sprockets-helpers (1.0.1) from /Users/pivotal/.rvm/gems/ruby-1.9.3-p392/specifications/sprockets-helpers-1.0.1.gemspec
I, [2014-01-08T14:06:28.704907 #19758]  INFO -- : 0:  sprockets-sass (1.0.2) from /Users/pivotal/.rvm/gems/ruby-1.9.3-p392/specifications/sprockets-sass-1.0.2.gemspec
I, [2014-01-08T14:06:28.705393 #19758]  INFO -- : 0:  middleman-sprockets (3.2.0) from /Users/pivotal/.rvm/gems/ruby-1.9.3-p392/specifications/middleman-sprockets-3.2.0.gemspec
I, [2014-01-08T14:06:28.705711 #19758]  INFO -- : 0:  uglifier (2.1.2) from /Users/pivotal/.rvm/gems/ruby-1.9.3-p392/specifications/uglifier-2.1.2.gemspec
I, [2014-01-08T14:06:29.352426 #19758]  INFO -- : 0:  middleman (3.2.1) from /Users/pivotal/.rvm/gems/ruby-1.9.3-p392/specifications/middleman-3.2.1.gemspec
I, [2014-01-08T14:06:29.352894 #19758]  INFO -- : 0:  rack-livereload (0.3.15) from /Users/pivotal/.rvm/gems/ruby-1.9.3-p392/specifications/rack-livereload-0.3.15.gemspec
I, [2014-01-08T14:06:29.353195 #19758]  INFO -- : 0:  middleman-livereload (3.1.0) from /Users/pivotal/.rvm/gems/ruby-1.9.3-p392/specifications/middleman-livereload-3.1.0.gemspec
I, [2014-01-08T14:06:29.353466 #19758]  INFO -- : 0:  rouge (0.3.10) from /Users/pivotal/.rvm/gems/ruby-1.9.3-p392/specifications/rouge-0.3.10.gemspec
I, [2014-01-08T14:06:29.353728 #19758]  INFO -- : 0:  middleman-syntax (1.2.1) from /Users/pivotal/.rvm/gems/ruby-1.9.3-p392/specifications/middleman-syntax-1.2.1.gemspec
I, [2014-01-08T14:06:29.353988 #19758]  INFO -- : 0:  redcarpet (2.2.2) from /Users/pivotal/.rvm/gems/ruby-1.9.3-p392/specifications/redcarpet-2.2.2.gemspec
